<?xml version="1.0" encoding="UTF-8"?>
<testsuites name="Endpoint Album" time="9.173" tests="3" failures="0" errors="0">
   <testsuite name="Endpoint Album" tests="3" failures="0" errors="0" time="9.173" skipped="0" timestamp="12-02-2024T17:34:06" hostname="admin - localhost" id="Test Suites/Endpoint Album">
      <properties>
         <property name="deviceName" value=""/>
         <property name="devicePlatform" value=""/>
         <property name="logFolder" value="/Users/admin/git/Tugas-API 2/Reports/20240212_173403/Endpoint Album/20240212_173404"/>
         <property name="logFiles" value="/Users/admin/git/Tugas-API 2/Reports/20240212_173403/Endpoint Album/20240212_173404/execution0.log"/>
         <property name="attachments" value=""/>
         <property name="hostName" value="admin - localhost"/>
         <property name="hostAddress" value="127.0.0.1"/>
         <property name="os" value="Mac OS X 64bit"/>
         <property name="katalonVersion" value="9.3.0.212"/>
      </properties>
      <testcase name="Test Cases/Album - All resources" time="3.474" classname="Test Cases/Album - All resources" status="PASSED">
         <system-out><![CDATA[12-02-2024T17:34:06 - [TEST_CASE][PASSED] - Test Cases/Album - All resources: Test Cases/Album - All resources

12-02-2024T17:34:06 - [TEST_STEP][PASSED] - response = sendRequest(findTestObject("Album - All resources")): Send request successfully

12-02-2024T17:34:07 - [MESSAGE][INFO] - HAR: /Users/admin/git/Tugas-API 2/Reports/20240212_173403/Endpoint Album/20240212_173404/requests/main/0.har

12-02-2024T17:34:07 - [MESSAGE][PASSED] - Send request successfully

12-02-2024T17:34:07 - [TEST_STEP][PASSED] - for ([i = 1, i < 10, (i++)]): Verify element property value successfully

12-02-2024T17:34:07 - [TEST_STEP][PASSED] - verifyElementPropertyValue(response, "[" + i + "].userId", "2"): Verify element property value successfully

12-02-2024T17:34:07 - [MESSAGE][PASSED] - Verify element property value successfully

12-02-2024T17:34:07 - [TEST_STEP][PASSED] - verifyElementPropertyValue(response, "[" + i + "].userId", "2"): Verify element property value successfully

12-02-2024T17:34:07 - [MESSAGE][PASSED] - Verify element property value successfully

12-02-2024T17:34:07 - [TEST_STEP][PASSED] - verifyElementPropertyValue(response, "[" + i + "].userId", "2"): Verify element property value successfully

12-02-2024T17:34:07 - [MESSAGE][PASSED] - Verify element property value successfully

12-02-2024T17:34:07 - [TEST_STEP][PASSED] - verifyElementPropertyValue(response, "[" + i + "].userId", "2"): Verify element property value successfully

12-02-2024T17:34:07 - [MESSAGE][PASSED] - Verify element property value successfully

12-02-2024T17:34:07 - [TEST_STEP][PASSED] - verifyElementPropertyValue(response, "[" + i + "].userId", "2"): Verify element property value successfully

12-02-2024T17:34:07 - [MESSAGE][PASSED] - Verify element property value successfully

12-02-2024T17:34:07 - [TEST_STEP][PASSED] - verifyElementPropertyValue(response, "[" + i + "].userId", "2"): Verify element property value successfully

12-02-2024T17:34:07 - [MESSAGE][PASSED] - Verify element property value successfully

12-02-2024T17:34:07 - [TEST_STEP][PASSED] - verifyElementPropertyValue(response, "[" + i + "].userId", "2"): Verify element property value successfully

12-02-2024T17:34:07 - [MESSAGE][PASSED] - Verify element property value successfully

12-02-2024T17:34:07 - [TEST_STEP][PASSED] - verifyElementPropertyValue(response, "[" + i + "].userId", "2"): Verify element property value successfully

12-02-2024T17:34:07 - [MESSAGE][PASSED] - Verify element property value successfully

12-02-2024T17:34:07 - [TEST_STEP][PASSED] - verifyElementPropertyValue(response, "[" + i + "].userId", "2"): Verify element property value successfully

12-02-2024T17:34:07 - [MESSAGE][PASSED] - Verify element property value successfully

12-02-2024T17:34:09 - [TEST_STEP][PASSED] - Video: Video recording for test case 'Test Cases/Album - All resources' .

12-02-2024T17:34:09 - [MESSAGE][INFO] - Video recording for test case 'Test Cases/Album - All resources' .]]></system-out>
         <system-err><![CDATA[]]></system-err>
      </testcase>
      <testcase name="Test Cases/Album - Resources" time="2.53" classname="Test Cases/Album - Resources" status="PASSED">
         <system-out><![CDATA[12-02-2024T17:34:09 - [TEST_CASE][PASSED] - Test Cases/Album - Resources: Test Cases/Album - Resources

12-02-2024T17:34:09 - [TEST_STEP][PASSED] - response = sendRequest(findTestObject("Album - Resources")): Send request successfully

12-02-2024T17:34:10 - [MESSAGE][INFO] - HAR: /Users/admin/git/Tugas-API 2/Reports/20240212_173403/Endpoint Album/20240212_173404/requests/main/1.har

12-02-2024T17:34:10 - [MESSAGE][PASSED] - Send request successfully

12-02-2024T17:34:10 - [TEST_STEP][PASSED] - verifyElementPropertyValue(response, "title", "lagi nyoba"): Verify element property value successfully

12-02-2024T17:34:10 - [MESSAGE][PASSED] - Verify element property value successfully

12-02-2024T17:34:10 - [TEST_STEP][PASSED] - verifyElementPropertyValue(response, "body", "hai"): Verify element property value successfully

12-02-2024T17:34:10 - [MESSAGE][PASSED] - Verify element property value successfully

12-02-2024T17:34:10 - [TEST_STEP][PASSED] - verifyElementPropertyValue(response, "userId", "2"): Verify element property value successfully

12-02-2024T17:34:10 - [MESSAGE][PASSED] - Verify element property value successfully

12-02-2024T17:34:12 - [TEST_STEP][PASSED] - Video: Video recording for test case 'Test Cases/Album - Resources' .

12-02-2024T17:34:12 - [MESSAGE][INFO] - Video recording for test case 'Test Cases/Album - Resources' .]]></system-out>
         <system-err><![CDATA[]]></system-err>
      </testcase>
      <testcase name="Test Cases/Album - Updating" time="3.087" classname="Test Cases/Album - Updating" status="PASSED">
         <system-out><![CDATA[12-02-2024T17:34:12 - [TEST_CASE][PASSED] - Test Cases/Album - Updating: Test Cases/Album - Updating

12-02-2024T17:34:12 - [TEST_STEP][PASSED] - response = sendRequest(findTestObject("Album - Updating")): Send request successfully

12-02-2024T17:34:13 - [MESSAGE][INFO] - HAR: /Users/admin/git/Tugas-API 2/Reports/20240212_173403/Endpoint Album/20240212_173404/requests/main/2.har

12-02-2024T17:34:13 - [MESSAGE][PASSED] - Send request successfully

12-02-2024T17:34:13 - [TEST_STEP][PASSED] - verifyElementPropertyValue(response, "title", "selamat"): Verify element property value successfully

12-02-2024T17:34:13 - [MESSAGE][PASSED] - Verify element property value successfully

12-02-2024T17:34:13 - [TEST_STEP][PASSED] - verifyElementPropertyValue(response, "body", "nyepi"): Verify element property value successfully

12-02-2024T17:34:13 - [MESSAGE][PASSED] - Verify element property value successfully

12-02-2024T17:34:13 - [TEST_STEP][PASSED] - verifyElementPropertyValue(response, "userId", "1"): Verify element property value successfully

12-02-2024T17:34:13 - [MESSAGE][PASSED] - Verify element property value successfully

12-02-2024T17:34:15 - [TEST_STEP][PASSED] - Video: Video recording for test case 'Test Cases/Album - Updating' .

12-02-2024T17:34:15 - [MESSAGE][INFO] - Video recording for test case 'Test Cases/Album - Updating' .]]></system-out>
         <system-err><![CDATA[]]></system-err>
      </testcase>
      <system-out><![CDATA[12-02-2024T17:34:06 - [TEST_SUITE][PASSED] - Endpoint Album: Test Cases/Album - Updating]]></system-out>
      <system-err><![CDATA[]]></system-err>
   </testsuite>
</testsuites>
